Pose:  1
Target pose: [-2.50000000e+00  9.02656674e-01  6.25000000e+00  0.00000000e+00
  1.00000000e+00  0.00000000e+00 -1.33158055e-07]
Estimated pose: [-2.48559853e+00  9.32193314e-01  6.24563892e+00  8.52696239e-04
  9.99977519e-01 -6.26126063e-03 -2.24315445e-03]

Pose:  2
Target pose: [-4.5         0.90265667  6.25        0.          0.92387958  0.
  0.38268331]
Estimated pose: [-4.49079695e+00  9.16454613e-01  6.24393980e+00 -1.34013623e-04
  9.23999147e-01 -1.56211317e-03  3.82391315e-01]

Pose:  3
Target pose: [-4.5         0.90265667  3.25        0.          0.70710683  0.
  0.70710673]
Estimated pose: [-4.50714534e+00  9.04488003e-01  3.26304652e+00 -5.66146636e-04
  7.07970891e-01  5.97426845e-04  7.06241134e-01]

Pose:  4
Target pose: [-4.50000000e+00  9.02656674e-01  1.49011612e-08  0.00000000e+00
  3.82683463e-01  0.00000000e+00  9.23879520e-01]
Estimated pose: [-4.47669686e+00  8.74442672e-01 -1.44327485e-02 -1.83973186e-03
  3.79500251e-01  1.88015801e-02  9.24998744e-01]

Pose:  5
Target pose: [-2.75000000e+00  9.02656674e-01  1.49011612e-08  0.00000000e+00
  0.00000000e+00  0.00000000e+00  1.00000000e+00]
Estimated pose: [-2.74242952e+00  9.16042447e-01 -3.92070146e-03  2.18885619e-03
 -3.96605025e-04 -2.18232473e-03  9.99995145e-01]

Pose:  6
Target pose: [-5.00000000e-01  9.02656674e-01  1.49011612e-08  0.00000000e+00
  3.82683432e-01  0.00000000e+00 -9.23879533e-01]
Estimated pose: [-0.46115871  0.94653484  0.071022    0.00310066 -0.38826142  0.00407089
  0.92153507]

Pose:  7
Target pose: [-0.5         0.90265667  3.25        0.          0.70710678  0.
 -0.70710678]
Estimated pose: [-3.76815511 -0.91764483  0.79912037 -0.30278591  0.41074977  0.65243777
  0.56029481]

Pose:  8
Target pose: [-0.5         0.90265667  6.25        0.          0.92387958  0.
 -0.38268331]
Estimated pose: [-0.6164336   0.91018037  6.19551423  0.0133193   0.93209153  0.00738127
 -0.36190261]