Pose:  1
Target pose: [-2.50000000e+00  9.02656674e-01  6.25000000e+00  0.00000000e+00
  1.00000000e+00  0.00000000e+00 -1.33158055e-07]
Estimated pose: [-2.51365178e+00  8.96846318e-01  6.24905030e+00 -4.06012104e-04
  9.99998422e-01  8.66047196e-04  1.49729908e-03]

Pose:  2
Target pose: [-4.5         0.90265667  6.25        0.          0.92387958  0.
  0.38268331]
Estimated pose: [-4.49504229e+00  9.06334760e-01  6.24261623e+00  1.24957543e-05
  9.23888583e-01 -4.96027986e-04  3.82661261e-01]

Pose:  3
Target pose: [-4.5         0.90265667  3.25        0.          0.70710683  0.
  0.70710673]
Estimated pose: [-4.51050646e+00  9.06539315e-01  3.25027687e+00  1.31332831e-03
  7.06561367e-01 -1.49711640e-03  7.07648973e-01]

Pose:  4
Target pose: [-4.50000000e+00  9.02656674e-01  1.49011612e-08  0.00000000e+00
  3.82683463e-01  0.00000000e+00  9.23879520e-01]
Estimated pose: [-4.50108830e+00  9.06095008e-01  6.53503918e-03  5.84660637e-04
  3.83059366e-01  1.17073402e-03  9.23722799e-01]

Pose:  5
Target pose: [-2.75000000e+00  9.02656674e-01  1.49011612e-08  0.00000000e+00
  0.00000000e+00  0.00000000e+00  1.00000000e+00]
Estimated pose: [-3.07777718e+00 -3.99636228e-01  4.91444483e+00 -3.57517201e-01
  9.11866013e-01  2.01641779e-01 -4.73487779e-03]

Pose:  6
Target pose: [-5.00000000e-01  9.02656674e-01  1.49011612e-08  0.00000000e+00
  3.82683432e-01  0.00000000e+00 -9.23879533e-01]
Estimated pose: [-5.04825130e-01  8.80381396e-01 -5.54543631e-04 -2.74977744e-03
 -3.83490270e-01 -1.96658926e-03  9.23538729e-01]

Pose:  7
Target pose: [-0.5         0.90265667  3.25        0.          0.70710678  0.
 -0.70710678]
Estimated pose: [-4.31255301  1.91179541  1.04856273  0.10664805  0.63745668 -0.43228996
  0.62880885]

Pose:  8 
Target pose: [-0.5         0.90265667  6.25        0.          0.92387958  0.
 -0.38268331]
Estimated pose: [-5.22673720e-01  9.10295163e-01  6.25114396e+00  4.53090806e-03
  9.25112651e-01 -1.81071515e-03 -3.79661395e-01]