Pose:  1
Target pose: [-2.50000000e+00  9.02656674e-01  6.25000000e+00  0.00000000e+00
  1.00000000e+00  0.00000000e+00 -1.33158055e-07]
Estimated pose: [-2.51579901e+00  8.96106758e-01  6.24904725e+00 -1.51535997e-03
  9.99997809e-01  1.43431734e-03  1.70584252e-04]

Pose:  2
Target pose: [-4.5         0.90265667  6.25        0.          0.92387958  0.
  0.38268331]
Estimated pose: [-4.48539206e+00  9.02882684e-01  6.25420317e+00  6.38052169e-04
  9.24078429e-01 -1.93570188e-04  3.82202318e-01]

Pose:  3
Target pose: [-4.5         0.90265667  3.25        0.          0.70710683  0.
  0.70710673]
Estimated pose: [-1.47150028  1.40886065  5.2007078   0.79768421 -0.28684646 -0.01390034
  0.53030727]

Pose:  4
Target pose: [-4.50000000e+00  9.02656674e-01  1.49011612e-08  0.00000000e+00
  3.82683463e-01  0.00000000e+00  9.23879520e-01]
Estimated pose: [-1.32696579  0.62887903  4.90731161  0.46944948  0.81630627 -0.06205129
 -0.33077317]

Pose:  5
Target pose: [-2.75000000e+00  9.02656674e-01  1.49011612e-08  0.00000000e+00
  0.00000000e+00  0.00000000e+00  1.00000000e+00]
Estimated pose: [-4.52419515e+00  1.53534654e+00  1.01667015e+00  3.74885305e-01
 -5.72453820e-04  6.51869544e-01  6.59186451e-01]

Pose:  6
Target pose: [-5.00000000e-01  9.02656674e-01  1.49011612e-08  0.00000000e+00
  3.82683432e-01  0.00000000e+00 -9.23879533e-01]
Estimated pose: [-0.50514597  1.53372617  0.22649322  0.08194734 -0.39559722  0.0369458
  0.91401449]

Pose:  7
Target pose: [-0.5         0.90265667  3.25        0.          0.70710678  0.
 -0.70710678]
Estimated pose: [-2.60181786  1.80132906  4.48191856  0.71446671 -0.47660677  0.1893708
  0.47594328]

Pose:  8
Target pose: [-0.5         0.90265667  6.25        0.          0.92387958  0.
 -0.38268331]
Estimated pose: [-4.99049464e-01  9.20269805e-01  6.24439662e+00  1.33883789e-02
  9.24012035e-01 -2.28472480e-03 -3.82122089e-01]