
SAM loaded
Memory Init'ed

armchairs  beign processed

Pose:  0
Target pose:    [0.5, 0.9009, 6.000,    0.1830, 0.6830, -0.1830, 0.6830, ]
Estimated pose: [0.5003, 0.9029, 6.0006, 0.1836, 0.6831, -0.1827, 0.6827, ]

Pose:  1
Target pose:    [0.5, 0.9009, 8.000,    0.0990, 0.8923, -0.2391, 0.3696, ]
Estimated pose: [0.5018, 0.9017, 8.0008, 0.0992, 0.8924, -0.2392, 0.3693, ]

Pose:  2
Target pose:    [2.5000, 9.0099e-01, 8.0000, -6.8927e-08, 9.6592e-01, -2.5881e-01, -2.5724e-07, ]
Estimated pose: [2.4987, 9.0170e-01, 8.0005, 3.6664e-05, 9.6594e-01, -2.5874e-01, 1.2655e-04, ]

Pose:  3
Target pose:    [4.5, 0.9009, 7.75, -0.0990, 0.8923, -0.2391, -0.3696, ]
Estimated pose: [4.5006, 0.9029, 7.7479, -0.1004, 0.8921, -0.2385, -0.3701, ]

Pose:  4
Target pose:    [4.5, 0.9009, 6.25, -0.1830, 0.6830, -0.1830, -0.6830, ]
Estimated pose: [4.5003, 0.9022, 6.2511, -0.1831, 0.6832, -0.1830, -0.6827, ]

Pose:  5
Target pose:    [4.5, 0.9009, 3.75, -0.2391, 0.3696, -0.0990, -0.8923, ]
Estimated pose: [4.4776, 0.9162, 3.7506, 0.2439, -0.3675, 0.0934, 0.8925, ]

Pose:  6
Target pose:    [2.5, 0.9009, 3.75, 0.2588, 0.000,   0., 0.9659, ]
Estimated pose: [2.5004, 9.0255e-01, 3.7514, 2.5937e-01, 1.4496e-05, -8.8170e-04, 9.6577e-01, ]

Pose:  7
Target pose:    [0.5, 0.9009, 3.75, 0.2391, 0.3696, -0.0990, 0.8923, ]
Estimated pose: [0.5007, 0.9009, 3.7497, 0.2392, 0.3695, -0.0986, 0.8924, ]






chairs  beign processed

Pose:  0
Target pose:    [0.5, 0.9009, 6.000,    0.1830, 0.6830, -0.1830, 0.6830, ]
Estimated pose: [0.5003, 0.9029, 6.0006, 0.1836, 0.6831, -0.1827, 0.6827, ]

Pose:  1
Target pose:    [0.5, 0.9009, 8.000,    0.0990, 0.8923, -0.2391, 0.3696, ]
Estimated pose: [0.5018, 0.9017, 8.0008, 0.0992, 0.8924, -0.2392, 0.3693, ]

Pose:  2
Target pose:    [2.5000, 9.0099e-01, 8.0000, -6.8927e-08, 9.6592e-01, -2.5881e-01, -2.5724e-07, ]
Estimated pose: [2.4987, 9.0170e-01, 8.0005, 3.6664e-05, 9.6594e-01, -2.5874e-01, 1.2655e-04, ]

Pose:  3
Target pose:    [4.5, 0.9009, 7.75, -0.0990, 0.8923, -0.2391, -0.3696, ]
Estimated pose: [4.5006, 0.9029, 7.7479, -0.1004, 0.8921, -0.2385, -0.3701, ]

Pose:  4
Target pose:    [4.5, 0.9009, 6.25, -0.1830, 0.6830, -0.1830, -0.6830, ]
Estimated pose: [4.5003, 0.9022, 6.2511, -0.1831, 0.6832, -0.1830, -0.6827, ]

Pose:  5
Target pose:    [4.5, 0.9009, 3.75, -0.2391, 0.3696, -0.0990, -0.8923, ]
Estimated pose: [4.4776, 0.9162, 3.7506, 0.2439, -0.3675, 0.0934, 0.8925, ]

Pose:  6
Target pose:    [2.5, 0.9009, 3.75, 0.2588, 0.000,   0., 0.9659, ]
Estimated pose: [2.5004, 9.0255e-01, 3.7514, 2.5937e-01, 1.4496e-05, -8.8170e-04, 9.6577e-01, ]

Pose:  7
Target pose:    [0.5, 0.9009, 3.75, 0.2391, 0.3696, -0.0990, 0.8923, ]
Estimated pose: [0.5007, 0.9009, 3.7497, 0.2392, 0.3695, -0.0986, 0.8924, ]






coffee_tables  beign processed

Object:  coffee_tables
Pose:  0
Target pose:    [0.5, 0.9009, 6.000,    0.1830, 0.6830, -0.1830, 0.6830, ]
Estimated pose: [0.5003, 0.9029, 6.0006, 0.1836, 0.6831, -0.1827, 0.6827, ]

Pose:  1
Target pose:    [0.5, 0.9009, 8.000,    0.0990, 0.8923, -0.2391, 0.3696, ]
Estimated pose: [0.5018, 0.9017, 8.0008, 0.0992, 0.8924, -0.2392, 0.3693, ]

Pose:  2
Target pose:    [2.5000, 9.0099e-01, 8.0000, -6.8927e-08, 9.6592e-01, -2.5881e-01, -2.5724e-07, ]
Estimated pose: [2.4987, 9.0170e-01, 8.0005, 3.6664e-05, 9.6594e-01, -2.5874e-01, 1.2655e-04, ]

Pose:  3
Target pose:    [4.5, 0.9009, 7.75, -0.0990, 0.8923, -0.2391, -0.3696, ]
Estimated pose: [4.5006, 0.9029, 7.7479, -0.1004, 0.8921, -0.2385, -0.3701, ]

Pose:  4
Target pose:    [4.5, 0.9009, 6.25, -0.1830, 0.6830, -0.1830, -0.6830, ]
Estimated pose: [4.5003, 0.9022, 6.2511, -0.1831, 0.6832, -0.1830, -0.6827, ]

Pose:  5
Target pose:    [4.5, 0.9009, 3.75, -0.2391, 0.3696, -0.0990, -0.8923, ]
Estimated pose: [4.4776, 0.9162, 3.7506, 0.2439, -0.3675, 0.0934, 0.8925, ]

Pose:  6
Target pose:    [2.5, 0.9009, 3.75, 0.2588, 0.000,   0., 0.9659, ]
Estimated pose: [2.5004, 9.0255e-01, 3.7514, 2.5937e-01, 1.4496e-05, -8.8170e-04, 9.6577e-01, ]

Pose:  7
Target pose:    [0.5, 0.9009, 3.75, 0.2391, 0.3696, -0.0990, 0.8923, ]
Estimated pose: [0.5007, 0.9009, 3.7497, 0.2392, 0.3695, -0.0986, 0.8924, ]




dining_tables  beign processed

Object:  dining_tables
Pose:  0
Target pose:    [0.5, 0.9009, 6.000,    0.1830, 0.6830, -0.1830, 0.6830, ]
Estimated pose: [0.5003, 0.9029, 6.0006, 0.1836, 0.6831, -0.1827, 0.6827, ]

Pose:  1
Target pose:    [0.5, 0.9009, 8.000,    0.0990, 0.8923, -0.2391, 0.3696, ]
Estimated pose: [0.5018, 0.9017, 8.0008, 0.0992, 0.8924, -0.2392, 0.3693, ]

Pose:  2
Target pose:    [2.5000, 9.0099e-01, 8.0000, -6.8927e-08, 9.6592e-01, -2.5881e-01, -2.5724e-07, ]
Estimated pose: [2.4987, 9.0170e-01, 8.0005, 3.6664e-05, 9.6594e-01, -2.5874e-01, 1.2655e-04, ]

Pose:  3
Target pose:    [4.5, 0.9009, 7.75, -0.0990, 0.8923, -0.2391, -0.3696, ]
Estimated pose: [4.5006, 0.9029, 7.7479, -0.1004, 0.8921, -0.2385, -0.3701, ]

Pose:  4
Target pose:    [4.5, 0.9009, 6.25, -0.1830, 0.6830, -0.1830, -0.6830, ]
Estimated pose: [4.5003, 0.9022, 6.2511, -0.1831, 0.6832, -0.1830, -0.6827, ]

Pose:  5
Target pose:    [4.5, 0.9009, 3.75, -0.2391, 0.3696, -0.0990, -0.8923, ]
Estimated pose: [4.4776, 0.9162, 3.7506, 0.2439, -0.3675, 0.0934, 0.8925, ]

Pose:  6
Target pose:    [2.5, 0.9009, 3.75, 0.2588, 0.000,   0., 0.9659, ]
Estimated pose: [2.5004, 9.0255e-01, 3.7514, 2.5937e-01, 1.4496e-05, -8.8170e-04, 9.6577e-01, ]

Pose:  7
Target pose:    [0.5, 0.9009, 3.75, 0.2391, 0.3696, -0.0990, 0.8923, ]
Estimated pose: [0.5007, 0.9009, 3.7497, 0.2392, 0.3695, -0.0986, 0.8924, ]

