Pose:  0
Target pose: [ 0.5         0.90099978  6.          0.18301265  0.68301288 -0.18301275
  0.68301252]
Estimated pose: [ 0.48411899  0.85348731  6.00878937  0.17940933  0.68522108 -0.17579598
  0.68365206]

Pose:  1
Target pose: [ 0.5         0.90099978  8.          0.0990457   0.8923992  -0.23911764
  0.36964357]
Estimated pose: [ 0.47414092  0.86723852  7.97419054  0.08829611  0.89102356 -0.2422107
  0.37365062]

Pose:  2
Target pose: [ 2.50000000e+00  9.00999784e-01  8.00000000e+00 -6.89276810e-08
  9.65925826e-01 -2.58819045e-01 -2.57241608e-07]
Estimated pose: [ 2.49299463e+00  8.50170136e-01  7.99727187e+00 -4.55562781e-03
  9.66203823e-01 -2.57739051e-01  2.54251387e-05]

Pose:  3
Target pose: [ 4.5         0.90099978  7.75       -0.09904586  0.89239895 -0.23911758
 -0.36964417]
Estimated pose: [ 0.43600449 -1.5684414   5.85702046  0.65407335  0.18846158  0.70762779
 -0.18956052]

Pose:  4
Target pose: [ 4.5         0.90099978  6.25       -0.1830128   0.68301234 -0.1830126
 -0.68301307]
Estimated pose: [ 4.45919366  0.88806075  6.25270182 -0.18987407  0.68211613 -0.19174941
 -0.67963048]

Pose:  5
Target pose: [ 4.5         0.90099978  3.75       -0.23911764  0.36964357 -0.0990457
 -0.8923992 ]
Estimated pose: [ 4.42963477  0.95793512  3.74292182  0.24780969 -0.36217379  0.11762721
  0.89083351]

Pose:  6
Target pose: [2.5        0.90099978 3.75       0.25881905 0.         0.
 0.96592583]
Estimated pose: [2.48494486e+00 8.90465683e-01 3.77653539e+00 2.66404713e-01
 1.08989984e-03 5.56504521e-03 9.63844578e-01]

Pose:  7
Target pose: [ 0.5         0.90099978  3.75        0.23911757  0.36964426 -0.09904588
  0.89239892]
Estimated pose: [ 0.50116335  0.90002619  3.74968257  0.23912257  0.36944918 -0.09909911
  0.89247245]

Pose:  8
Target pose: [ 0.5         0.90099978  6.          0.18301265  0.68301288 -0.18301275
  0.68301252]
Estimated pose: [ 0.44055352  0.75651757  5.9891028   0.18712469  0.69028412 -0.15048436
  0.68252959]

Pose:  9
Target pose: [ 0.5         0.90099978  8.          0.0990457   0.8923992  -0.23911764
  0.36964357]
Estimated pose: [ 0.070149    0.75206873  7.37050771  0.11043947  0.85362589 -0.21269194
  0.46248038]

Pose:  10
Target pose: [ 2.50000000e+00  9.00999784e-01  8.00000000e+00 -6.89276810e-08
  9.65925826e-01 -2.58819045e-01 -2.57241608e-07]
Estimated pose: [ 2.43267880e+00  8.46830899e-01  8.00043465e+00 -5.65051433e-03
  9.67893358e-01 -2.50821306e-01  1.54657974e-02]

Pose:  11
Target pose: [ 4.5         0.90099978  7.75       -0.09904586  0.89239895 -0.23911758
 -0.36964417]
Estimated pose: [ 4.49804242  0.91267113  7.7436233  -0.1018729   0.89121647 -0.24164159
 -0.3700871 ]

Pose:  12
Target pose: [ 4.5         0.90099978  6.25       -0.1830128   0.68301234 -0.1830126
 -0.68301307]
Estimated pose: [ 4.48278302  0.89733757  6.28879621 -0.18079696  0.69285034 -0.18290296
 -0.67365969]

Pose:  13
Target pose: [ 4.5         0.90099978  3.75       -0.23911764  0.36964357 -0.0990457
 -0.8923992 ]
Estimated pose: [ 4.52714528  0.93318436  3.79500744  0.24566651 -0.38010724  0.10213104
  0.88585309]

Pose:  14
Target pose: [2.5        0.90099978 3.75       0.25881905 0.         0.
 0.96592583]
Estimated pose: [ 2.96704413  0.91517533  3.59694878  0.26165534 -0.12694496  0.03608778
  0.95609577]

Pose:  15
Target pose: [ 0.5         0.90099978  3.75        0.23911757  0.36964426 -0.09904588
  0.89239892]
Estimated pose: [ 0.99022667  0.98707404  5.58734875  0.12565786  0.86294374 -0.25559761
  0.4173824 ]

Pose:  16
Target pose: [ 0.5         0.90099978  6.          0.18301265  0.68301288 -0.18301275
  0.68301252]
Estimated pose: [ 0.50000804  0.90100702  3.75000192  0.23911966  0.36964323 -0.09904802
  0.89239854]

Pose:  17
Target pose: [ 0.5         0.90099978  8.          0.0990457   0.8923992  -0.23911764
  0.36964357]
Estimated pose: [ 0.34924136  0.73731404  6.07754505  0.18985695  0.52533886 -0.13062419
  0.81909141]

Pose:  18
Target pose: [ 2.50000000e+00  9.00999784e-01  8.00000000e+00 -6.89276810e-08
  9.65925826e-01 -2.58819045e-01 -2.57241608e-07]
Estimated pose: [ 1.40169922 -1.47489187  4.93451566  0.46529349  0.25870671  0.83936152
 -0.1097499 ]

Pose:  19
Target pose: [ 4.5         0.90099978  7.75       -0.09904586  0.89239895 -0.23911758
 -0.36964417]
Estimated pose: [ 4.61912107  0.29903171  7.59548417 -0.16739375  0.89681322 -0.06340959
 -0.40457954]

Pose:  20
Target pose: [ 4.5         0.90099978  6.25       -0.1830128   0.68301234 -0.1830126
 -0.68301307]
Estimated pose: [ 4.45212026  0.89161924  6.03965683  0.19027676 -0.65119264  0.17349192
  0.71389317]

Pose:  21
Target pose: [ 4.5         0.90099978  3.75       -0.23911764  0.36964357 -0.0990457
 -0.8923992 ]
Estimated pose: [ 4.87806055 -1.47548925  6.63752064  0.8067893  -0.12418086 -0.52594922
 -0.23884632]

Pose:  22
Target pose: [2.5        0.90099978 3.75       0.25881905 0.         0.
 0.96592583]
Estimated pose: [ 1.86989865  0.93136876  4.63049126  0.24305396  0.37032807 -0.10789471
  0.89002282]

Pose:  23
Target pose: [ 0.5         0.90099978  3.75        0.23911757  0.36964426 -0.09904588
  0.89239892]
Estimated pose: [ 0.49995858  0.90098066  6.00003879  0.18300722  0.6830217  -0.1830084
  0.68300632]

Pose:  24
Target pose: [ 0.5         0.90099978  6.          0.18301265  0.68301288 -0.18301275
  0.68301252]
Estimated pose: [ 2.06301416  0.92640863  6.74043289 -0.13439795  0.83222811 -0.23737133
 -0.48268873]

Pose:  25
Target pose: [ 0.5         0.90099978  8.          0.0990457   0.8923992  -0.23911764
  0.36964357]
Estimated pose: [ 0.50104723  0.92521843  7.999238    0.09704545  0.89149079 -0.24426823
  0.36899781]

Pose:  26
Target pose: [ 2.50000000e+00  9.00999784e-01  8.00000000e+00 -6.89276810e-08
  9.65925826e-01 -2.58819045e-01 -2.57241608e-07]
Estimated pose: [ 2.49710888e+00  9.01150149e-01  8.00727777e+00  1.41431216e-03
  9.65938112e-01 -2.58593171e-01  9.54645094e-03]

Pose:  27
Target pose: [ 4.5         0.90099978  7.75       -0.09904586  0.89239895 -0.23911758
 -0.36964417]
Estimated pose: [ 2.04559621 -1.53016306  7.15837264  0.81439639 -0.13401883 -0.52592334
 -0.20543151]

Pose:  28
Target pose: [ 4.5         0.90099978  6.25       -0.1830128   0.68301234 -0.1830126
 -0.68301307]
Estimated pose: [ 2.29076077  0.22820039  7.59872403 -0.16769978  0.96811823 -0.1106691
 -0.14958685]

Pose:  29
Target pose: [ 4.5         0.90099978  3.75       -0.23911764  0.36964357 -0.0990457
 -0.8923992 ]
Estimated pose: [ 1.53836439  2.5499168   8.08447884  0.87931035 -0.22268662  0.21130113
  0.3641096 ]

Pose:  30
Target pose: [2.5        0.90099978 3.75       0.25881905 0.         0.
 0.96592583]
Estimated pose: [ 2.51858746e+00  9.12960866e-01  3.75334112e+00  2.60855702e-01
 -9.75995116e-04  6.34106713e-04  9.65377101e-01]

Pose:  31
Target pose: [ 0.5         0.90099978  3.75        0.23911757  0.36964426 -0.09904588
  0.89239892]
Estimated pose: [ 0.52151763  0.91467842  3.73297294  0.24203162  0.36600558 -0.09653853
  0.89338733]
